<?xml version="1.0" encoding="UTF-8" ?>
<testsuite failures="0" time="0.112" errors="0" skipped="0" tests="4" name="com.scd.reg.RandomEventGeneratorTest">
  <properties>
[...]
</properties>
  <testcase time="0.044" classname="com.scd.reg.RandomEventGeneratorTest" name="testAddEvent"/>
  <testcase time="0.002" classname="com.scd.reg.RandomEventGeneratorTest" name="testAddEvents"/>
  <testcase time="0.037" classname="com.scd.reg.RandomEventGeneratorTest" name="testGenerateRandomEvent"/>
  <testcase time="0.002" classname="com.scd.reg.RandomEventGeneratorTest" name="testSetPossibleEvents"/>
</testsuite>